app/build/intermediates/manifest_merge_blame_file/debug/manifest-merger-blame-debug-report.txt
1<?xml version="1.0" encoding="utf-8"?>
2<manifest xmlns:android="http://schemas.android.com/apk/res/android"
3    package="com.locationhook.module"
4    android:versionCode="1"
5    android:versionName="1.0.0" >
6
7    <uses-sdk
8        android:minSdkVersion="26"
9        android:targetSdkVersion="34" />
10
11    <!-- 基础权限 -->
12    <uses-permission android:name="android.permission.INTERNET" />
12-->src\main\AndroidManifest.xml:6:5-67
12-->src\main\AndroidManifest.xml:6:22-64
13    <uses-permission android:name="android.permission.ACCESS_NETWORK_STATE" />
13-->src\main\AndroidManifest.xml:7:5-79
13-->src\main\AndroidManifest.xml:7:22-76
14    <uses-permission android:name="android.permission.ACCESS_WIFI_STATE" />
14-->src\main\AndroidManifest.xml:8:5-76
14-->src\main\AndroidManifest.xml:8:22-73
15
16    <!-- 定位权限 -->
17    <uses-permission android:name="android.permission.ACCESS_FINE_LOCATION" />
17-->src\main\AndroidManifest.xml:11:5-79
17-->src\main\AndroidManifest.xml:11:22-76
18    <uses-permission android:name="android.permission.ACCESS_COARSE_LOCATION" />
18-->src\main\AndroidManifest.xml:12:5-81
18-->src\main\AndroidManifest.xml:12:22-78
19
20    <!-- 模拟定位权限 -->
21    <uses-permission android:name="android.permission.ACCESS_MOCK_LOCATION" />
21-->src\main\AndroidManifest.xml:15:5-79
21-->src\main\AndroidManifest.xml:15:22-76
22
23    <!-- 后台定位权限 (Android 10+) -->
24    <uses-permission android:name="android.permission.ACCESS_BACKGROUND_LOCATION" />
24-->src\main\AndroidManifest.xml:18:5-85
24-->src\main\AndroidManifest.xml:18:22-82
25
26    <!-- 存储权限 -->
27    <uses-permission android:name="android.permission.READ_EXTERNAL_STORAGE" />
27-->src\main\AndroidManifest.xml:21:5-80
27-->src\main\AndroidManifest.xml:21:22-77
28    <uses-permission android:name="android.permission.WRITE_EXTERNAL_STORAGE" />
28-->src\main\AndroidManifest.xml:22:5-81
28-->src\main\AndroidManifest.xml:22:22-78
29    <uses-permission android:name="android.permission.MANAGE_EXTERNAL_STORAGE" />
29-->src\main\AndroidManifest.xml:23:5-82
29-->src\main\AndroidManifest.xml:23:22-79
30
31    <!-- 网络状态权限 -->
32    <uses-permission android:name="android.permission.CHANGE_WIFI_STATE" />
32-->src\main\AndroidManifest.xml:26:5-76
32-->src\main\AndroidManifest.xml:26:22-73
33    <uses-permission android:name="android.permission.CHANGE_NETWORK_STATE" />
33-->src\main\AndroidManifest.xml:27:5-79
33-->src\main\AndroidManifest.xml:27:22-76
34
35    <!-- 系统配置权限 -->
36    <uses-permission android:name="android.permission.WRITE_SETTINGS" />
36-->src\main\AndroidManifest.xml:30:5-73
36-->src\main\AndroidManifest.xml:30:22-70
37    <uses-permission android:name="android.permission.WRITE_SECURE_SETTINGS" />
37-->src\main\AndroidManifest.xml:31:5-80
37-->src\main\AndroidManifest.xml:31:22-77
38
39    <!-- 高德地图SDK权限 -->
40    <uses-permission android:name="android.permission.ACCESS_LOCATION_EXTRA_COMMANDS" />
40-->src\main\AndroidManifest.xml:34:5-89
40-->src\main\AndroidManifest.xml:34:22-86
41    <uses-permission android:name="android.permission.ACCESS_COARSE_LOCATION" />
41-->src\main\AndroidManifest.xml:12:5-81
41-->src\main\AndroidManifest.xml:12:22-78
42    <uses-permission android:name="android.permission.ACCESS_FINE_LOCATION" />
42-->src\main\AndroidManifest.xml:11:5-79
42-->src\main\AndroidManifest.xml:11:22-76
43    <uses-permission android:name="android.permission.INTERNET" />
43-->src\main\AndroidManifest.xml:6:5-67
43-->src\main\AndroidManifest.xml:6:22-64
44    <uses-permission android:name="android.permission.READ_PHONE_STATE" />
44-->src\main\AndroidManifest.xml:38:5-75
44-->src\main\AndroidManifest.xml:38:22-72
45    <uses-permission android:name="android.permission.WRITE_EXTERNAL_STORAGE" />
45-->src\main\AndroidManifest.xml:22:5-81
45-->src\main\AndroidManifest.xml:22:22-78
46    <uses-permission android:name="android.permission.WAKE_LOCK" />
46-->src\main\AndroidManifest.xml:40:5-68
46-->src\main\AndroidManifest.xml:40:22-65
47
48    <!-- LSPosed模块声明 -->
49    <meta-data
49-->src\main\AndroidManifest.xml:43:5-45:32
50        android:name="xposedmodule"
50-->src\main\AndroidManifest.xml:44:9-36
51        android:value="true" />
51-->src\main\AndroidManifest.xml:45:9-29
52    <meta-data
52-->src\main\AndroidManifest.xml:46:5-48:64
53        android:name="xposeddescription"
53-->src\main\AndroidManifest.xml:47:9-41
54        android:value="LSPosed定位Hook模块 - 支持位置模拟、路线规划、高德地图集成" />
54-->src\main\AndroidManifest.xml:48:9-61
55    <meta-data
55-->src\main\AndroidManifest.xml:49:5-51:30
56        android:name="xposedminversion"
56-->src\main\AndroidManifest.xml:50:9-40
57        android:value="82" />
57-->src\main\AndroidManifest.xml:51:9-27
58
59    <!-- 高德地图Key配置 -->
60    <meta-data
61        android:name="com.amap.api.v2.apikey"
61-->src\main\AndroidManifest.xml:55:9-46
62        android:value="19e8e38ae21e83cc851d0334c449d22e" />
62-->src\main\AndroidManifest.xml:56:9-40
63
64    <permission
64-->[androidx.core:core:1.9.0] AndroidManifest.xml:22:5-24:47
65        android:name="com.locationhook.module.DYNAMIC_RECEIVER_NOT_EXPORTED_PERMISSION"
65-->[androidx.core:core:1.9.0] AndroidManifest.xml:23:9-81
66        android:protectionLevel="signature" />
66-->[androidx.core:core:1.9.0] AndroidManifest.xml:24:9-44
67
68    <uses-permission android:name="com.locationhook.module.DYNAMIC_RECEIVER_NOT_EXPORTED_PERMISSION" />
68-->[androidx.core:core:1.9.0] AndroidManifest.xml:26:5-97
68-->[androidx.core:core:1.9.0] AndroidManifest.xml:26:22-94
69
70    <application
70-->src\main\AndroidManifest.xml:58:5-107:19
71        android:allowBackup="true"
71-->src\main\AndroidManifest.xml:59:9-35
72        android:appComponentFactory="androidx.core.app.CoreComponentFactory"
72-->[androidx.core:core:1.9.0] AndroidManifest.xml:28:18-86
73        android:dataExtractionRules="@xml/data_extraction_rules"
73-->src\main\AndroidManifest.xml:60:9-65
74        android:debuggable="true"
75        android:extractNativeLibs="false"
76        android:fullBackupContent="@xml/backup_rules"
76-->src\main\AndroidManifest.xml:61:9-54
77        android:icon="@mipmap/ic_launcher"
77-->src\main\AndroidManifest.xml:62:9-43
78        android:label="@string/app_name"
78-->src\main\AndroidManifest.xml:63:9-41
79        android:roundIcon="@mipmap/ic_launcher_round"
79-->src\main\AndroidManifest.xml:64:9-54
80        android:supportsRtl="true"
80-->src\main\AndroidManifest.xml:65:9-35
81        android:theme="@style/Theme.LocationHook" >
81-->src\main\AndroidManifest.xml:66:9-50
82
83        <!-- 主界面 -->
84        <activity
84-->src\main\AndroidManifest.xml:69:9-77:20
85            android:name="com.locationhook.module.ui.MainActivity"
85-->src\main\AndroidManifest.xml:70:13-44
86            android:exported="true"
86-->src\main\AndroidManifest.xml:71:13-36
87            android:label="@string/app_name" >
87-->src\main\AndroidManifest.xml:72:13-45
88            <intent-filter>
88-->src\main\AndroidManifest.xml:73:13-76:29
89                <action android:name="android.intent.action.MAIN" />
89-->src\main\AndroidManifest.xml:74:17-69
89-->src\main\AndroidManifest.xml:74:25-66
90
91                <category android:name="android.intent.category.LAUNCHER" />
91-->src\main\AndroidManifest.xml:75:17-77
91-->src\main\AndroidManifest.xml:75:27-74
92            </intent-filter>
93        </activity>
94
95        <!-- 路线规划界面 -->
96        <activity
96-->src\main\AndroidManifest.xml:80:9-83:50
97            android:name="com.locationhook.module.ui.RoutePlanActivity"
97-->src\main\AndroidManifest.xml:81:13-49
98            android:exported="false"
98-->src\main\AndroidManifest.xml:82:13-37
99            android:label="@string/route_plan" />
99-->src\main\AndroidManifest.xml:83:13-47
100
101        <!-- 应用选择界面 -->
102        <activity
102-->src\main\AndroidManifest.xml:86:9-89:50
103            android:name="com.locationhook.module.ui.AppSelectActivity"
103-->src\main\AndroidManifest.xml:87:13-49
104            android:exported="false"
104-->src\main\AndroidManifest.xml:88:13-37
105            android:label="@string/app_select" />
105-->src\main\AndroidManifest.xml:89:13-47
106
107        <!-- 设置界面 -->
108        <activity
108-->src\main\AndroidManifest.xml:92:9-95:48
109            android:name="com.locationhook.module.ui.SettingsActivity"
109-->src\main\AndroidManifest.xml:93:13-48
110            android:exported="false"
110-->src\main\AndroidManifest.xml:94:13-37
111            android:label="@string/settings" />
111-->src\main\AndroidManifest.xml:95:13-45
112
113        <!-- 高德定位服务 -->
114        <service android:name="com.amap.api.location.APSService" />
114-->src\main\AndroidManifest.xml:98:9-68
114-->src\main\AndroidManifest.xml:98:18-65
115
116        <!-- LSPosed偏好设置 -->
117        <provider
118            android:name="de.robv.android.xposed.provider.XPreferencesProvider"
118-->src\main\AndroidManifest.xml:102:13-80
119            android:authorities="com.locationhook.module.xpreferences"
119-->src\main\AndroidManifest.xml:103:13-64
120            android:exported="false" />
120-->src\main\AndroidManifest.xml:104:13-37
121        <provider
121-->[androidx.emoji2:emoji2:1.2.0] AndroidManifest.xml:24:9-32:20
122            android:name="androidx.startup.InitializationProvider"
122-->[androidx.emoji2:emoji2:1.2.0] AndroidManifest.xml:25:13-67
123            android:authorities="com.locationhook.module.androidx-startup"
123-->[androidx.emoji2:emoji2:1.2.0] AndroidManifest.xml:26:13-68
124            android:exported="false" >
124-->[androidx.emoji2:emoji2:1.2.0] AndroidManifest.xml:27:13-37
125            <meta-data
125-->[androidx.emoji2:emoji2:1.2.0] AndroidManifest.xml:29:13-31:52
126                android:name="androidx.emoji2.text.EmojiCompatInitializer"
126-->[androidx.emoji2:emoji2:1.2.0] AndroidManifest.xml:30:17-75
127                android:value="androidx.startup" />
127-->[androidx.emoji2:emoji2:1.2.0] AndroidManifest.xml:31:17-49
128            <meta-data
128-->[androidx.lifecycle:lifecycle-process:2.6.1] AndroidManifest.xml:29:13-31:52
129                android:name="androidx.lifecycle.ProcessLifecycleInitializer"
129-->[androidx.lifecycle:lifecycle-process:2.6.1] AndroidManifest.xml:30:17-78
130                android:value="androidx.startup" />
130-->[androidx.lifecycle:lifecycle-process:2.6.1] AndroidManifest.xml:31:17-49
131            <meta-data
131-->[androidx.profileinstaller:profileinstaller:1.3.0] AndroidManifest.xml:29:13-31:52
132                android:name="androidx.profileinstaller.ProfileInstallerInitializer"
132-->[androidx.profileinstaller:profileinstaller:1.3.0] AndroidManifest.xml:30:17-85
133                android:value="androidx.startup" />
133-->[androidx.profileinstaller:profileinstaller:1.3.0] AndroidManifest.xml:31:17-49
134        </provider>
135
136        <receiver
136-->[androidx.profileinstaller:profileinstaller:1.3.0] AndroidManifest.xml:34:9-52:20
137            android:name="androidx.profileinstaller.ProfileInstallReceiver"
137-->[androidx.profileinstaller:profileinstaller:1.3.0] AndroidManifest.xml:35:13-76
138            android:directBootAware="false"
138-->[androidx.profileinstaller:profileinstaller:1.3.0] AndroidManifest.xml:36:13-44
139            android:enabled="true"
139-->[androidx.profileinstaller:profileinstaller:1.3.0] AndroidManifest.xml:37:13-35
140            android:exported="true"
140-->[androidx.profileinstaller:profileinstaller:1.3.0] AndroidManifest.xml:38:13-36
141            android:permission="android.permission.DUMP" >
141-->[androidx.profileinstaller:profileinstaller:1.3.0] AndroidManifest.xml:39:13-57
142            <intent-filter>
142-->[androidx.profileinstaller:profileinstaller:1.3.0] AndroidManifest.xml:40:13-42:29
143                <action android:name="androidx.profileinstaller.action.INSTALL_PROFILE" />
143-->[androidx.profileinstaller:profileinstaller:1.3.0] AndroidManifest.xml:41:17-91
143-->[androidx.profileinstaller:profileinstaller:1.3.0] AndroidManifest.xml:41:25-88
144            </intent-filter>
145            <intent-filter>
145-->[androidx.profileinstaller:profileinstaller:1.3.0] AndroidManifest.xml:43:13-45:29
146                <action android:name="androidx.profileinstaller.action.SKIP_FILE" />
146-->[androidx.profileinstaller:profileinstaller:1.3.0] AndroidManifest.xml:44:17-85
146-->[androidx.profileinstaller:profileinstaller:1.3.0] AndroidManifest.xml:44:25-82
147            </intent-filter>
148            <intent-filter>
148-->[androidx.profileinstaller:profileinstaller:1.3.0] AndroidManifest.xml:46:13-48:29
149                <action android:name="androidx.profileinstaller.action.SAVE_PROFILE" />
149-->[androidx.profileinstaller:profileinstaller:1.3.0] AndroidManifest.xml:47:17-88
149-->[androidx.profileinstaller:profileinstaller:1.3.0] AndroidManifest.xml:47:25-85
150            </intent-filter>
151            <intent-filter>
151-->[androidx.profileinstaller:profileinstaller:1.3.0] AndroidManifest.xml:49:13-51:29
152                <action android:name="androidx.profileinstaller.action.BENCHMARK_OPERATION" />
152-->[androidx.profileinstaller:profileinstaller:1.3.0] AndroidManifest.xml:50:17-95
152-->[androidx.profileinstaller:profileinstaller:1.3.0] AndroidManifest.xml:50:25-92
153            </intent-filter>
154        </receiver>
155    </application>
156
157</manifest>